<testsuite failures="0" name="src/test/java/Features/Delete-or-Remove.feature" skipped="0" tests="1" time="1.985888">
  <testcase classname="src.test.java.Features.Delete-or-Remove" name="this will Get or retriev our data from database" time="1.985888">
    <system-out>Given url 'https://jobapplicationjwt.herokuapp.com/' ...................... passed
And def Token = call read('GenerateToken.feature') ........................ passed
Given path 'auth/webapi/remove/505' ....................................... passed
And headers {Authorization: '#("Bearer " + Token.token)'} ................. passed
When method Delete ........................................................ passed
Then status 200 ........................................................... passed
And print response ........................................................ passed</system-out>
  </testcase>
</testsuite>
